<?xml version="1.0" encoding="UTF-8"?>
<!-- Generated by org.testng.reporters.JUnitReportReporter -->
<testsuite hostname="Dinesh-Mac-Pro.local" failures="0" tests="1" name="test.EndToEndTest" time="8.840" errors="0" timestamp="2022-05-23T21:02:57 IST" skipped="0">
  <testcase classname="test.EndToEndTest" name="EndToEnd" time="8.840"/>
  <system-out/>
</testsuite> <!-- test.EndToEndTest -->
